<?xml version="1.0" encoding="UTF-8"?>
<!-- Generated by org.testng.reporters.JUnitReportReporter -->
<testsuite hostname="DESKTOP-678UJMN" failures="0" tests="5" name="com.testng.tests.LoginTest" time="22.858" errors="0" timestamp="2023-12-03T16:58:24 EST" skipped="0">
  <testcase classname="com.testng.tests.LoginTest" name="checkRememberMe" time="6.983"/>
  <system-out/>
  <testcase classname="com.testng.tests.LoginTest" name="logintoapplication" time="5.649"/>
  <system-out/>
  <testcase classname="com.testng.tests.LoginTest" name="loginerror" time="3.196"/>
  <system-out/>
  <testcase classname="com.testng.tests.LoginTest" name="forgotPassword" time="4.586"/>
  <system-out/>
  <testcase classname="com.testng.tests.LoginTest" name="validateloginErrorMessage" time="2.444"/>
  <system-out/>
</testsuite> <!-- com.testng.tests.LoginTest -->
