<?xml version="1.0" encoding="UTF-8"?>
<!-- Generated by org.testng.reporters.JUnitReportReporter -->
<testsuite hostname="DESKTOP-678UJMN" failures="0" tests="5" name="com.testng.tests.LeadsTest" time="41.145" errors="0" timestamp="2023-12-03T16:58:24 EST" skipped="0">
  <testcase classname="com.testng.tests.LeadsTest" name="leadstab" time="6.009"/>
  <system-out/>
  <testcase classname="com.testng.tests.LeadsTest" name="defaultview" time="10.167"/>
  <system-out/>
  <testcase classname="com.testng.tests.LeadsTest" name="leadsselectview" time="7.290"/>
  <system-out/>
  <testcase classname="com.testng.tests.LeadsTest" name="checknewbuttononleadshome" time="8.571"/>
  <system-out/>
  <testcase classname="com.testng.tests.LeadsTest" name="selecttodaysleadsfromviewdropdown" time="9.108"/>
  <system-out/>
</testsuite> <!-- com.testng.tests.LeadsTest -->
