<?xml version="1.0" encoding="UTF-8"?>
<!-- Generated by org.testng.reporters.JUnitReportReporter -->
<testsuite hostname="DESKTOP-678UJMN" failures="0" tests="5" name="com.testng.tests.RandomScenariosTest" time="53.435" errors="0" timestamp="2023-12-03T16:58:24 EST" skipped="0">
  <testcase classname="com.testng.tests.RandomScenariosTest" name="blockinganeventinthecalender" time="10.015"/>
  <system-out/>
  <testcase classname="com.testng.tests.RandomScenariosTest" name="verifyeditedlastnameisupdated" time="12.306"/>
  <system-out/>
  <testcase classname="com.testng.tests.RandomScenariosTest" name="blockinganeventinthecalenderwithweeklyrecurrenace" time="10.985"/>
  <system-out/>
  <testcase classname="com.testng.tests.RandomScenariosTest" name="verifyfirstnameandlastnameoftheloggedinuser" time="8.236"/>
  <system-out/>
  <testcase classname="com.testng.tests.RandomScenariosTest" name="verifythetabcustomization" time="11.893"/>
  <system-out/>
</testsuite> <!-- com.testng.tests.RandomScenariosTest -->
