<?xml version="1.0" encoding="UTF-8"?>
<!-- Generated by org.testng.reporters.JUnitReportReporter -->
<testsuite hostname="DESKTOP-678UJMN" failures="0" tests="5" name="com.testng.tests.OpportunityTest" time="43.213" errors="0" timestamp="2023-12-03T16:58:24 EST" skipped="0">
  <testcase classname="com.testng.tests.OpportunityTest" name="opportunitiesdropdown" time="6.484"/>
  <system-out/>
  <testcase classname="com.testng.tests.OpportunityTest" name="quarterlysummerreport" time="6.885"/>
  <system-out/>
  <testcase classname="com.testng.tests.OpportunityTest" name="teststuckopportunityreport" time="8.771"/>
  <system-out/>
  <testcase classname="com.testng.tests.OpportunityTest" name="testopportunitypipelinereport" time="7.768"/>
  <system-out/>
  <testcase classname="com.testng.tests.OpportunityTest" name="createnewopportunity" time="13.305"/>
  <system-out/>
</testsuite> <!-- com.testng.tests.OpportunityTest -->
